Сборка начата 19.03.2017 9:03:39.
     1>Проект "D:\w.0 stop 2 sur\Projects\DandD\DandD\DandD.vcxproj" в узле 2 (целевые объекты Build).
     1>ClCompile:
         D:\w.0 stop 2 sur\vs15GOGO\VC\bin\CL.exe /c /ZI /nologo /W3 /WX- /sdl /Od /Oy- /D WIN32 /D _DEBUG /D _CONSOLE /D _UNICODE /D UNICODE /Gm /EHsc /RTC1 /MDd /GS /fp:precise /Zc:wchar_t /Zc:forScope /Zc:inline /Fo"Debug\\" /Fd"Debug\vc140.pdb" /Gd /TP /analyze- /errorReport:prompt battlefield.cpp hero.cpp main.cpp
         hero.cpp
     1>d:\w.0 stop 2 sur\projects\dandd\dandd\hero.cpp(21): warning C4244: аргумент: преобразование "time_t" в "unsigned int", возможна потеря данных
         Создание кода...
         Компиляция...
         main.cpp
         Создание кода...
         Пропуск... (изменения не обнаружены)
         battlefield.cpp
       Link:
         D:\w.0 stop 2 sur\vs15GOGO\VC\bin\link.exe /ERRORREPORT:PROMPT /OUT:"D:\w.0 stop 2 sur\Projects\DandD\Debug\DandD.exe" /INCREMENTAL /NOLOGO kernel32.lib user32.lib gdi32.lib winspool.lib comdlg32.lib advapi32.lib shell32.lib ole32.lib oleaut32.lib uuid.lib odbc32.lib odbccp32.lib /MANIFEST /MANIFESTUAC:"level='asInvoker' uiAccess='false'" /manifest:embed /Debug /PDB:"D:\w.0 stop 2 sur\Projects\DandD\Debug\DandD.pdb" /SUBSYSTEM:CONSOLE /TLBID:1 /DYNAMICBASE /NXCOMPAT /IMPLIB:"D:\w.0 stop 2 sur\Projects\DandD\Debug\DandD.lib" /MACHINE:X86 Debug\battlefield.obj
         Debug\hero.obj
         Debug\main.obj
         DandD.vcxproj -> D:\w.0 stop 2 sur\Projects\DandD\Debug\DandD.exe
     1>Сборка проекта "D:\w.0 stop 2 sur\Projects\DandD\DandD\DandD.vcxproj" завершена (целевые объекты Build).

Сборка успешно завершена.

Затраченное время: 00:00:00.95
